<?xml version="1.0" encoding="UTF-8"?>
<!-- Generated by org.testng.reporters.JUnitReportReporter -->
<testsuite hostname="DESKTOP-2IAJIC5" failures="0" tests="2" name="HDFCtestNG.NormalNG" time="0.031" errors="0" timestamp="2023-01-30T08:20:15 IST" skipped="0">
  <testcase classname="HDFCtestNG.NormalNG" name="test2" time="0.007"/>
  <system-out/>
  <testcase classname="HDFCtestNG.NormalNG" name="test1" time="0.024"/>
  <system-out/>
</testsuite> <!-- HDFCtestNG.NormalNG -->
