<?xml version="1.0" encoding="UTF-8"?>
<!-- Generated by org.testng.reporters.JUnitReportReporter -->
<testsuite hostname="DESKTOP-2IAJIC5" failures="0" tests="1" name="ProjectL.HdfcNGClass" time="14.082" errors="0" timestamp="2023-01-30T00:13:07 IST" skipped="0">
  <testcase classname="ProjectL.HdfcNGClass" name="applyCreditC" time="14.082"/>
  <system-out/>
</testsuite> <!-- ProjectL.HdfcNGClass -->
