<?xml version="1.0" encoding="UTF-8"?>
<!-- Generated by org.testng.reporters.JUnitReportReporter -->
<testsuite hostname="DESKTOP-2IAJIC5" failures="0" tests="4" name="NormalSuiteNG.NormalNG" time="0.044" errors="0" timestamp="2023-02-03T00:05:04 IST" skipped="0">
  <testcase classname="NormalSuiteNG.NormalNG" name="test2" time="0.013"/>
  <system-out/>
  <testcase classname="NormalSuiteNG.NormalNG" name="test1" time="0.009"/>
  <system-out/>
  <testcase classname="NormalSuiteNG.NormalNG" name="test1" time="0.004"/>
  <system-out/>
  <testcase classname="NormalSuiteNG.NormalNG" name="test2" time="0.018"/>
  <system-out/>
</testsuite> <!-- NormalSuiteNG.NormalNG -->
