<?xml version="1.0" encoding="UTF-8"?>
<!-- Generated by org.testng.reporters.JUnitReportReporter -->
<testsuite hostname="DESKTOP-2IAJIC5" failures="0" tests="2" name="HDFCtestNG.HdfcNGClass" time="31.418" errors="0" timestamp="2023-02-05T16:12:22 IST" skipped="0">
  <testcase classname="HDFCtestNG.HdfcNGClass" name="creditLon" time="12.363"/>
  <system-out/>
  <testcase classname="HDFCtestNG.HdfcNGClass" name="applyCreditC" time="19.055"/>
  <system-out/>
</testsuite> <!-- HDFCtestNG.HdfcNGClass -->
